------------------------------------------------------------------------------------------------------------------------

[2025-11-12 19:57:59 #1 store] 
Database 'C:\Users\Aimar\git\Rides25\src\main\resources\rides.temp' is opened by 10116@DESKTOP-6FA7N9I

[2025-11-12 19:58:08 #2 type.registry] 
New type domain.User

[2025-11-12 19:58:08 #3 type.registry] 
New type domain.Driver

[2025-11-12 19:58:08 #4 type] 
Type domain.User is not enhanced.

[2025-11-12 19:58:08 #5 type.registry] 
New type domain.Mugimenduak

[2025-11-12 19:58:08 #6 type] 
Type domain.Driver is not enhanced.

[2025-11-12 19:58:08 #7 type.registry] 
New type domain.Erreklamazioa

[2025-11-12 19:58:08 #8 type.registry] 
New type domain.Car

[2025-11-12 19:58:08 #9 type.registry] 
New type domain.Ride

[2025-11-12 19:58:08 #10 type] 
Type domain.Mugimenduak is not enhanced.

[2025-11-12 19:58:08 #11 type] 
Type domain.Erreklamazioa is not enhanced.

[2025-11-12 19:58:08 #12 type.registry] 
New type domain.RideBooked

[2025-11-12 19:58:08 #13 type.registry] 
New type domain.Passenger

[2025-11-12 19:58:08 #14 type] 
Type domain.Car is not enhanced.

[2025-11-12 19:58:08 #15 type] 
Type domain.Ride is not enhanced.

[2025-11-12 19:58:08 #16 type] 
Type domain.RideBooked is not enhanced.

[2025-11-12 19:58:08 #17 type] 
Type domain.Passenger is not enhanced.

[2025-11-12 19:58:08 #18 type.registry] 
New type domain.Alerta

[2025-11-12 19:58:08 #19 type] 
Type domain.Alerta is not enhanced.

